C:\git\VehicleDemo\NewFront2\App\App.js
C:\git\VehicleDemo\NewFront2\App\App.js.map
C:\git\VehicleDemo\NewFront2\App\Interfaces.js
C:\git\VehicleDemo\NewFront2\App\Interfaces.js.map
C:\git\VehicleDemo\NewFront2\App\MovingVehicle.js
C:\git\VehicleDemo\NewFront2\App\MovingVehicle.js.map
C:\git\VehicleDemo\NewFront2\App\PositionClient.js
C:\git\VehicleDemo\NewFront2\App\PositionClient.js.map
C:\git\VehicleDemo\NewFront2\App\App.js
C:\git\VehicleDemo\NewFront2\App\App.js.map
C:\git\VehicleDemo\NewFront2\App\Interfaces.js
C:\git\VehicleDemo\NewFront2\App\Interfaces.js.map
C:\git\VehicleDemo\NewFront2\App\MovingVehicle.js
C:\git\VehicleDemo\NewFront2\App\MovingVehicle.js.map
C:\git\VehicleDemo\NewFront2\App\PositionClient.js
C:\git\VehicleDemo\NewFront2\App\PositionClient.js.map
C:\git\VehicleDemo\NewFront2\App\App.js
C:\git\VehicleDemo\NewFront2\App\App.js.map
C:\git\VehicleDemo\NewFront2\App\Interfaces.js
C:\git\VehicleDemo\NewFront2\App\Interfaces.js.map
C:\git\VehicleDemo\NewFront2\App\MovingVehicle.js
C:\git\VehicleDemo\NewFront2\App\MovingVehicle.js.map
C:\git\VehicleDemo\NewFront2\App\PositionClient.js
C:\git\VehicleDemo\NewFront2\App\PositionClient.js.map
